running egg_info
writing build/study_pkg/study_pkg.egg-info/PKG-INFO
writing dependency_links to build/study_pkg/study_pkg.egg-info/dependency_links.txt
writing entry points to build/study_pkg/study_pkg.egg-info/entry_points.txt
writing requirements to build/study_pkg/study_pkg.egg-info/requires.txt
writing top-level names to build/study_pkg/study_pkg.egg-info/top_level.txt
reading manifest file 'build/study_pkg/study_pkg.egg-info/SOURCES.txt'
writing manifest file 'build/study_pkg/study_pkg.egg-info/SOURCES.txt'
running build
running build_py
copying study_pkg/scripts/second_node.py -> /home/infinion/ros2_ws/src/mayorov/build/study_pkg/build/lib/study_pkg/scripts
running install
running install_lib
copying /home/infinion/ros2_ws/src/mayorov/build/study_pkg/build/lib/study_pkg/scripts/second_node.py -> /home/infinion/ros2_ws/src/mayorov/install/study_pkg/lib/python3.12/site-packages/study_pkg/scripts
byte-compiling /home/infinion/ros2_ws/src/mayorov/install/study_pkg/lib/python3.12/site-packages/study_pkg/scripts/second_node.py to second_node.cpython-312.pyc
running install_data
running install_egg_info
removing '/home/infinion/ros2_ws/src/mayorov/install/study_pkg/lib/python3.12/site-packages/study_pkg-0.0.0-py3.12.egg-info' (and everything under it)
Copying build/study_pkg/study_pkg.egg-info to /home/infinion/ros2_ws/src/mayorov/install/study_pkg/lib/python3.12/site-packages/study_pkg-0.0.0-py3.12.egg-info
running install_scripts
Installing second_node script to /home/infinion/ros2_ws/src/mayorov/install/study_pkg/lib/study_pkg
writing list of installed files to '/home/infinion/ros2_ws/src/mayorov/build/study_pkg/install.log'
