[0.913s] Invoking command in '/home/infinion/ros2_ws/src/mayorov': PYTHONPATH=/home/infinion/ros2_ws/src/mayorov/build/study_pkg/prefix_override:/usr/lib/python3/dist-packages/colcon_core/task/python/colcon_distutils_commands:/home/infinion/ros2_ws/src/mayorov/install/study_pkg/lib/python3.12/site-packages:${PYTHONPATH} /usr/bin/python3 -W ignore:setup.py install is deprecated -W ignore:easy_install command is deprecated setup.py egg_info --egg-base build/study_pkg build --build-base /home/infinion/ros2_ws/src/mayorov/build/study_pkg/build install --record /home/infinion/ros2_ws/src/mayorov/build/study_pkg/install.log --single-version-externally-managed install_data
[1.143s] running egg_info
[1.159s] writing build/study_pkg/study_pkg.egg-info/PKG-INFO
[1.160s] writing dependency_links to build/study_pkg/study_pkg.egg-info/dependency_links.txt
[1.160s] writing entry points to build/study_pkg/study_pkg.egg-info/entry_points.txt
[1.160s] writing requirements to build/study_pkg/study_pkg.egg-info/requires.txt
[1.160s] writing top-level names to build/study_pkg/study_pkg.egg-info/top_level.txt
[1.194s] reading manifest file 'build/study_pkg/study_pkg.egg-info/SOURCES.txt'
[1.195s] writing manifest file 'build/study_pkg/study_pkg.egg-info/SOURCES.txt'
[1.196s] running build
[1.196s] running build_py
[1.196s] copying study_pkg/scripts/second_node.py -> /home/infinion/ros2_ws/src/mayorov/build/study_pkg/build/lib/study_pkg/scripts
[1.196s] running install
[1.202s] running install_lib
[1.219s] copying /home/infinion/ros2_ws/src/mayorov/build/study_pkg/build/lib/study_pkg/scripts/second_node.py -> /home/infinion/ros2_ws/src/mayorov/install/study_pkg/lib/python3.12/site-packages/study_pkg/scripts
[1.219s] byte-compiling /home/infinion/ros2_ws/src/mayorov/install/study_pkg/lib/python3.12/site-packages/study_pkg/scripts/second_node.py to second_node.cpython-312.pyc
[1.220s] running install_data
[1.220s] running install_egg_info
[1.220s] Sorry: IndentationError: unindent does not match any outer indentation level (second_node.py, line 13)
[1.238s] removing '/home/infinion/ros2_ws/src/mayorov/install/study_pkg/lib/python3.12/site-packages/study_pkg-0.0.0-py3.12.egg-info' (and everything under it)
[1.238s] Copying build/study_pkg/study_pkg.egg-info to /home/infinion/ros2_ws/src/mayorov/install/study_pkg/lib/python3.12/site-packages/study_pkg-0.0.0-py3.12.egg-info
[1.239s] running install_scripts
[1.354s] Installing second_node script to /home/infinion/ros2_ws/src/mayorov/install/study_pkg/lib/study_pkg
[1.354s] writing list of installed files to '/home/infinion/ros2_ws/src/mayorov/build/study_pkg/install.log'
[1.391s] Invoked command in '/home/infinion/ros2_ws/src/mayorov' returned '0': PYTHONPATH=/home/infinion/ros2_ws/src/mayorov/build/study_pkg/prefix_override:/usr/lib/python3/dist-packages/colcon_core/task/python/colcon_distutils_commands:/home/infinion/ros2_ws/src/mayorov/install/study_pkg/lib/python3.12/site-packages:${PYTHONPATH} /usr/bin/python3 -W ignore:setup.py install is deprecated -W ignore:easy_install command is deprecated setup.py egg_info --egg-base build/study_pkg build --build-base /home/infinion/ros2_ws/src/mayorov/build/study_pkg/build install --record /home/infinion/ros2_ws/src/mayorov/build/study_pkg/install.log --single-version-externally-managed install_data
