running egg_info
creating build/study_pkg/study_pkg.egg-info
writing build/study_pkg/study_pkg.egg-info/PKG-INFO
writing dependency_links to build/study_pkg/study_pkg.egg-info/dependency_links.txt
writing entry points to build/study_pkg/study_pkg.egg-info/entry_points.txt
writing requirements to build/study_pkg/study_pkg.egg-info/requires.txt
writing top-level names to build/study_pkg/study_pkg.egg-info/top_level.txt
writing manifest file 'build/study_pkg/study_pkg.egg-info/SOURCES.txt'
reading manifest file 'build/study_pkg/study_pkg.egg-info/SOURCES.txt'
writing manifest file 'build/study_pkg/study_pkg.egg-info/SOURCES.txt'
running build
running build_py
creating /home/infinion/ros2_ws/src/mayorov/build/study_pkg/build
creating /home/infinion/ros2_ws/src/mayorov/build/study_pkg/build/lib
creating /home/infinion/ros2_ws/src/mayorov/build/study_pkg/build/lib/study_pkg
copying study_pkg/__init__.py -> /home/infinion/ros2_ws/src/mayorov/build/study_pkg/build/lib/study_pkg
creating /home/infinion/ros2_ws/src/mayorov/build/study_pkg/build/lib/study_pkg/scripts
copying study_pkg/scripts/__init__.py -> /home/infinion/ros2_ws/src/mayorov/build/study_pkg/build/lib/study_pkg/scripts
copying study_pkg/scripts/first_node.py -> /home/infinion/ros2_ws/src/mayorov/build/study_pkg/build/lib/study_pkg/scripts
copying study_pkg/scripts/second_node.py -> /home/infinion/ros2_ws/src/mayorov/build/study_pkg/build/lib/study_pkg/scripts
running install
running install_lib
creating /home/infinion/ros2_ws/src/mayorov/install/study_pkg/lib/python3.12/site-packages/study_pkg
copying /home/infinion/ros2_ws/src/mayorov/build/study_pkg/build/lib/study_pkg/__init__.py -> /home/infinion/ros2_ws/src/mayorov/install/study_pkg/lib/python3.12/site-packages/study_pkg
creating /home/infinion/ros2_ws/src/mayorov/install/study_pkg/lib/python3.12/site-packages/study_pkg/scripts
copying /home/infinion/ros2_ws/src/mayorov/build/study_pkg/build/lib/study_pkg/scripts/__init__.py -> /home/infinion/ros2_ws/src/mayorov/install/study_pkg/lib/python3.12/site-packages/study_pkg/scripts
copying /home/infinion/ros2_ws/src/mayorov/build/study_pkg/build/lib/study_pkg/scripts/first_node.py -> /home/infinion/ros2_ws/src/mayorov/install/study_pkg/lib/python3.12/site-packages/study_pkg/scripts
copying /home/infinion/ros2_ws/src/mayorov/build/study_pkg/build/lib/study_pkg/scripts/second_node.py -> /home/infinion/ros2_ws/src/mayorov/install/study_pkg/lib/python3.12/site-packages/study_pkg/scripts
byte-compiling /home/infinion/ros2_ws/src/mayorov/install/study_pkg/lib/python3.12/site-packages/study_pkg/__init__.py to __init__.cpython-312.pyc
byte-compiling /home/infinion/ros2_ws/src/mayorov/install/study_pkg/lib/python3.12/site-packages/study_pkg/scripts/__init__.py to __init__.cpython-312.pyc
byte-compiling /home/infinion/ros2_ws/src/mayorov/install/study_pkg/lib/python3.12/site-packages/study_pkg/scripts/first_node.py to first_node.cpython-312.pyc
byte-compiling /home/infinion/ros2_ws/src/mayorov/install/study_pkg/lib/python3.12/site-packages/study_pkg/scripts/second_node.py to second_node.cpython-312.pyc
running install_data
creating /home/infinion/ros2_ws/src/mayorov/install/study_pkg/share/ament_index
creating /home/infinion/ros2_ws/src/mayorov/install/study_pkg/share/ament_index/resource_index
creating /home/infinion/ros2_ws/src/mayorov/install/study_pkg/share/ament_index/resource_index/packages
copying resource/study_pkg -> /home/infinion/ros2_ws/src/mayorov/install/study_pkg/share/ament_index/resource_index/packages
copying package.xml -> /home/infinion/ros2_ws/src/mayorov/install/study_pkg/share/study_pkg
running install_egg_info
Copying build/study_pkg/study_pkg.egg-info to /home/infinion/ros2_ws/src/mayorov/install/study_pkg/lib/python3.12/site-packages/study_pkg-0.0.0-py3.12.egg-info
running install_scripts
Installing second_node script to /home/infinion/ros2_ws/src/mayorov/install/study_pkg/lib/study_pkg
writing list of installed files to '/home/infinion/ros2_ws/src/mayorov/build/study_pkg/install.log'
