[0.708s] Invoking command in '/home/infinion/ros2_ws/src/mayorov': PYTHONPATH=/home/infinion/ros2_ws/src/mayorov/build/study_pkg/prefix_override:/usr/lib/python3/dist-packages/colcon_core/task/python/colcon_distutils_commands:/home/infinion/ros2_ws/src/mayorov/install/study_pkg/lib/python3.12/site-packages:${PYTHONPATH} /usr/bin/python3 -W ignore:setup.py install is deprecated -W ignore:easy_install command is deprecated setup.py egg_info --egg-base build/study_pkg build --build-base /home/infinion/ros2_ws/src/mayorov/build/study_pkg/build install --record /home/infinion/ros2_ws/src/mayorov/build/study_pkg/install.log --single-version-externally-managed install_data
[0.937s] running egg_info
[0.937s] creating build/study_pkg/study_pkg.egg-info
[0.954s] writing build/study_pkg/study_pkg.egg-info/PKG-INFO
[0.954s] writing dependency_links to build/study_pkg/study_pkg.egg-info/dependency_links.txt
[0.954s] writing entry points to build/study_pkg/study_pkg.egg-info/entry_points.txt
[0.954s] writing requirements to build/study_pkg/study_pkg.egg-info/requires.txt
[0.955s] writing top-level names to build/study_pkg/study_pkg.egg-info/top_level.txt
[0.955s] writing manifest file 'build/study_pkg/study_pkg.egg-info/SOURCES.txt'
[0.989s] reading manifest file 'build/study_pkg/study_pkg.egg-info/SOURCES.txt'
[0.989s] writing manifest file 'build/study_pkg/study_pkg.egg-info/SOURCES.txt'
[0.990s] running build
[0.990s] running build_py
[0.990s] creating /home/infinion/ros2_ws/src/mayorov/build/study_pkg/build
[0.990s] creating /home/infinion/ros2_ws/src/mayorov/build/study_pkg/build/lib
[0.990s] creating /home/infinion/ros2_ws/src/mayorov/build/study_pkg/build/lib/study_pkg
[0.990s] copying study_pkg/__init__.py -> /home/infinion/ros2_ws/src/mayorov/build/study_pkg/build/lib/study_pkg
[0.990s] creating /home/infinion/ros2_ws/src/mayorov/build/study_pkg/build/lib/study_pkg/scripts
[0.990s] copying study_pkg/scripts/__init__.py -> /home/infinion/ros2_ws/src/mayorov/build/study_pkg/build/lib/study_pkg/scripts
[0.991s] copying study_pkg/scripts/first_node.py -> /home/infinion/ros2_ws/src/mayorov/build/study_pkg/build/lib/study_pkg/scripts
[0.991s] copying study_pkg/scripts/second_node.py -> /home/infinion/ros2_ws/src/mayorov/build/study_pkg/build/lib/study_pkg/scripts
[0.991s] running install
[0.996s] running install_lib
[1.013s] creating /home/infinion/ros2_ws/src/mayorov/install/study_pkg/lib/python3.12/site-packages/study_pkg
[1.014s] copying /home/infinion/ros2_ws/src/mayorov/build/study_pkg/build/lib/study_pkg/__init__.py -> /home/infinion/ros2_ws/src/mayorov/install/study_pkg/lib/python3.12/site-packages/study_pkg
[1.014s] creating /home/infinion/ros2_ws/src/mayorov/install/study_pkg/lib/python3.12/site-packages/study_pkg/scripts
[1.014s] copying /home/infinion/ros2_ws/src/mayorov/build/study_pkg/build/lib/study_pkg/scripts/__init__.py -> /home/infinion/ros2_ws/src/mayorov/install/study_pkg/lib/python3.12/site-packages/study_pkg/scripts
[1.014s] copying /home/infinion/ros2_ws/src/mayorov/build/study_pkg/build/lib/study_pkg/scripts/first_node.py -> /home/infinion/ros2_ws/src/mayorov/install/study_pkg/lib/python3.12/site-packages/study_pkg/scripts
[1.014s] copying /home/infinion/ros2_ws/src/mayorov/build/study_pkg/build/lib/study_pkg/scripts/second_node.py -> /home/infinion/ros2_ws/src/mayorov/install/study_pkg/lib/python3.12/site-packages/study_pkg/scripts
[1.014s] byte-compiling /home/infinion/ros2_ws/src/mayorov/install/study_pkg/lib/python3.12/site-packages/study_pkg/__init__.py to __init__.cpython-312.pyc
[1.014s] byte-compiling /home/infinion/ros2_ws/src/mayorov/install/study_pkg/lib/python3.12/site-packages/study_pkg/scripts/__init__.py to __init__.cpython-312.pyc
[1.015s] byte-compiling /home/infinion/ros2_ws/src/mayorov/install/study_pkg/lib/python3.12/site-packages/study_pkg/scripts/first_node.py to first_node.cpython-312.pyc
[1.015s] byte-compiling /home/infinion/ros2_ws/src/mayorov/install/study_pkg/lib/python3.12/site-packages/study_pkg/scripts/second_node.py to second_node.cpython-312.pyc
[1.015s] running install_data
[1.015s] creating /home/infinion/ros2_ws/src/mayorov/install/study_pkg/share/ament_index
[1.015s] creating /home/infinion/ros2_ws/src/mayorov/install/study_pkg/share/ament_index/resource_index
[1.015s] creating /home/infinion/ros2_ws/src/mayorov/install/study_pkg/share/ament_index/resource_index/packages
[1.016s] copying resource/study_pkg -> /home/infinion/ros2_ws/src/mayorov/install/study_pkg/share/ament_index/resource_index/packages
[1.016s] copying package.xml -> /home/infinion/ros2_ws/src/mayorov/install/study_pkg/share/study_pkg
[1.016s] running install_egg_info
[1.034s] Copying build/study_pkg/study_pkg.egg-info to /home/infinion/ros2_ws/src/mayorov/install/study_pkg/lib/python3.12/site-packages/study_pkg-0.0.0-py3.12.egg-info
[1.035s] running install_scripts
[1.149s] Installing second_node script to /home/infinion/ros2_ws/src/mayorov/install/study_pkg/lib/study_pkg
[1.149s] writing list of installed files to '/home/infinion/ros2_ws/src/mayorov/build/study_pkg/install.log'
[1.186s] Invoked command in '/home/infinion/ros2_ws/src/mayorov' returned '0': PYTHONPATH=/home/infinion/ros2_ws/src/mayorov/build/study_pkg/prefix_override:/usr/lib/python3/dist-packages/colcon_core/task/python/colcon_distutils_commands:/home/infinion/ros2_ws/src/mayorov/install/study_pkg/lib/python3.12/site-packages:${PYTHONPATH} /usr/bin/python3 -W ignore:setup.py install is deprecated -W ignore:easy_install command is deprecated setup.py egg_info --egg-base build/study_pkg build --build-base /home/infinion/ros2_ws/src/mayorov/build/study_pkg/build install --record /home/infinion/ros2_ws/src/mayorov/build/study_pkg/install.log --single-version-externally-managed install_data
